# JRE version: Java(TM) SE Runtime Environment (21.0.6+8) (build 21.0.6+8-LTS-188)
# Java VM: Java HotSpot(TM) 64-Bit Server VM (21.0.6+8-LTS-188, mixed mode, sharing, tiered, compressed oops, compressed class ptrs, g1 gc, windows-amd64)
GC Precious Log:
 CardTable entry size: 512
 Card Set container configuration: InlinePtr #cards 4 size 8 Array Of Cards #cards 16 size 48 Howl #buckets 8 coarsen threshold 3686 Howl Bitmap #cards 512 size 80 coarsen threshold 460 Card regions per heap region 1 cards per card region 4096
 CPUs: 8 total, 8 available
 Memory: 16242M
 Large Page Support: Disabled
 NUMA Support: Disabled
 Compressed Oops: Enabled (Zero based)
 Heap Region Size: 2M
 Heap Min Capacity: 8M
 Heap Initial Capacity: 254M
 Heap Max Capacity: 4062M
 Pre-touch: Disabled
 Parallel Workers: 8
 Concurrent Workers: 2
 Concurrent Refinement Workers: 8
 Periodic GC: Disabled
Heap:
 garbage-first heap   total 92160K, used 47500K [0x0000000702200000, 0x0000000800000000)
  region size 2048K, 7 young (14336K), 2 survivors (4096K)
 Metaspace       used 58151K, committed 58944K, reserved 1114112K
  class space    used 7578K, committed 7936K, reserved 1048576K
GC Heap History (20 events):
Event: 1.545 GC heap before
{Heap before GC invocations=1 (full 0):
 garbage-first heap   total 260096K, used 27178K [0x0000000702200000, 0x0000000800000000)
  region size 2048K, 12 young (24576K), 2 survivors (4096K)
 Metaspace       used 7452K, committed 7680K, reserved 1114112K
  class space    used 790K, committed 896K, reserved 1048576K
}
Event: 1.551 GC heap after
{Heap after GC invocations=2 (full 0):
 garbage-first heap   total 260096K, used 13155K [0x0000000702200000, 0x0000000800000000)
  region size 2048K, 2 young (4096K), 2 survivors (4096K)
 Metaspace       used 7452K, committed 7680K, reserved 1114112K
  class space    used 790K, committed 896K, reserved 1048576K
}
Event: 3.691 GC heap before
{Heap before GC invocations=2 (full 0):
 garbage-first heap   total 260096K, used 50019K [0x0000000702200000, 0x0000000800000000)
  region size 2048K, 20 young (40960K), 2 survivors (4096K)
 Metaspace       used 16491K, committed 16768K, reserved 1114112K
  class space    used 1941K, committed 2048K, reserved 1048576K
}
Event: 3.696 GC heap after
{Heap after GC invocations=3 (full 0):
 garbage-first heap   total 260096K, used 16054K [0x0000000702200000, 0x0000000800000000)
  region size 2048K, 2 young (4096K), 2 survivors (4096K)
 Metaspace       used 16491K, committed 16768K, reserved 1114112K
  class space    used 1941K, committed 2048K, reserved 1048576K
}
Event: 4.642 GC heap before
{Heap before GC invocations=3 (full 0):
 garbage-first heap   total 260096K, used 44726K [0x0000000702200000, 0x0000000800000000)
  region size 2048K, 17 young (34816K), 2 survivors (4096K)
 Metaspace       used 21217K, committed 21504K, reserved 1114112K
  class space    used 2495K, committed 2624K, reserved 1048576K
}
Event: 4.646 GC heap after
{Heap after GC invocations=4 (full 0):
 garbage-first heap   total 260096K, used 18914K [0x0000000702200000, 0x0000000800000000)
  region size 2048K, 3 young (6144K), 3 survivors (6144K)
 Metaspace       used 21217K, committed 21504K, reserved 1114112K
  class space    used 2495K, committed 2624K, reserved 1048576K
}
Event: 6.547 GC heap before
{Heap before GC invocations=5 (full 0):
 garbage-first heap   total 75776K, used 57826K [0x0000000702200000, 0x0000000800000000)
  region size 2048K, 22 young (45056K), 3 survivors (6144K)
 Metaspace       used 24583K, committed 24960K, reserved 1114112K
  class space    used 2930K, committed 3072K, reserved 1048576K
}
Event: 6.558 GC heap after
{Heap after GC invocations=6 (full 0):
 garbage-first heap   total 75776K, used 21195K [0x0000000702200000, 0x0000000800000000)
  region size 2048K, 3 young (6144K), 3 survivors (6144K)
 Metaspace       used 24583K, committed 24960K, reserved 1114112K
  class space    used 2930K, committed 3072K, reserved 1048576K
}
Event: 8.128 GC heap before
{Heap before GC invocations=6 (full 0):
 garbage-first heap   total 75776K, used 56011K [0x0000000702200000, 0x0000000800000000)
  region size 2048K, 20 young (40960K), 3 survivors (6144K)
 Metaspace       used 31196K, committed 31744K, reserved 1114112K
  class space    used 3823K, committed 4096K, reserved 1048576K
}
Event: 8.137 GC heap after
{Heap after GC invocations=7 (full 0):
 garbage-first heap   total 75776K, used 24402K [0x0000000702200000, 0x0000000800000000)
  region size 2048K, 2 young (4096K), 2 survivors (4096K)
 Metaspace       used 31196K, committed 31744K, reserved 1114112K
  class space    used 3823K, committed 4096K, reserved 1048576K
}
Event: 9.598 GC heap before
{Heap before GC invocations=7 (full 0):
 garbage-first heap   total 75776K, used 59218K [0x0000000702200000, 0x0000000800000000)
  region size 2048K, 19 young (38912K), 2 survivors (4096K)
 Metaspace       used 35011K, committed 35584K, reserved 1114112K
  class space    used 4328K, committed 4608K, reserved 1048576K
}
Event: 9.624 GC heap after
{Heap after GC invocations=8 (full 0):
 garbage-first heap   total 75776K, used 25903K [0x0000000702200000, 0x0000000800000000)
  region size 2048K, 3 young (6144K), 3 survivors (6144K)
 Metaspace       used 35011K, committed 35584K, reserved 1114112K
  class space    used 4328K, committed 4608K, reserved 1048576K
}
Event: 9.961 GC heap before
{Heap before GC invocations=8 (full 0):
 garbage-first heap   total 75776K, used 27951K [0x0000000702200000, 0x0000000800000000)
  region size 2048K, 5 young (10240K), 3 survivors (6144K)
 Metaspace       used 35418K, committed 35968K, reserved 1114112K
  class space    used 4401K, committed 4672K, reserved 1048576K
}
Event: 9.979 GC heap after
{Heap after GC invocations=9 (full 0):
 garbage-first heap   total 75776K, used 26431K [0x0000000702200000, 0x0000000800000000)
  region size 2048K, 2 young (4096K), 2 survivors (4096K)
 Metaspace       used 35418K, committed 35968K, reserved 1114112K
  class space    used 4401K, committed 4672K, reserved 1048576K
}
Event: 11.694 GC heap before
{Heap before GC invocations=10 (full 0):
 garbage-first heap   total 75776K, used 61247K [0x0000000702200000, 0x0000000800000000)
  region size 2048K, 19 young (38912K), 2 survivors (4096K)
 Metaspace       used 40109K, committed 40768K, reserved 1114112K
  class space    used 5063K, committed 5376K, reserved 1048576K
}
Event: 11.722 GC heap after
{Heap after GC invocations=11 (full 0):
 garbage-first heap   total 92160K, used 30967K [0x0000000702200000, 0x0000000800000000)
  region size 2048K, 3 young (6144K), 3 survivors (6144K)
 Metaspace       used 40109K, committed 40768K, reserved 1114112K
  class space    used 5063K, committed 5376K, reserved 1048576K
}
Event: 14.799 GC heap before
{Heap before GC invocations=11 (full 0):
 garbage-first heap   total 92160K, used 76023K [0x0000000702200000, 0x0000000800000000)
  region size 2048K, 25 young (51200K), 3 survivors (6144K)
 Metaspace       used 47937K, committed 48576K, reserved 1114112K
  class space    used 6269K, committed 6528K, reserved 1048576K
}
Event: 14.809 GC heap after
{Heap after GC invocations=12 (full 0):
 garbage-first heap   total 92160K, used 35736K [0x0000000702200000, 0x0000000800000000)
  region size 2048K, 3 young (6144K), 3 survivors (6144K)
 Metaspace       used 47937K, committed 48576K, reserved 1114112K
  class space    used 6269K, committed 6528K, reserved 1048576K
}
Event: 43.560 GC heap before
{Heap before GC invocations=12 (full 0):
 garbage-first heap   total 92160K, used 74648K [0x0000000702200000, 0x0000000800000000)
  region size 2048K, 22 young (45056K), 3 survivors (6144K)
 Metaspace       used 56345K, committed 57088K, reserved 1114112K
  class space    used 7335K, committed 7680K, reserved 1048576K
}
Event: 43.570 GC heap after
{Heap after GC invocations=13 (full 0):
 garbage-first heap   total 92160K, used 39308K [0x0000000702200000, 0x0000000800000000)
  region size 2048K, 2 young (4096K), 2 survivors (4096K)
 Metaspace       used 56345K, committed 57088K, reserved 1114112K
  class space    used 7335K, committed 7680K, reserved 1048576K
}

