# JRE version: Java(TM) SE Runtime Environment (21.0.6+8) (build 21.0.6+8-LTS-188)
# Java VM: Java HotSpot(TM) 64-Bit Server VM (21.0.6+8-LTS-188, mixed mode, sharing, tiered, compressed oops, compressed class ptrs, g1 gc, windows-amd64)
GC Precious Log:
 CardTable entry size: 512
 Card Set container configuration: InlinePtr #cards 4 size 8 Array Of Cards #cards 16 size 48 Howl #buckets 8 coarsen threshold 3686 Howl Bitmap #cards 512 size 80 coarsen threshold 460 Card regions per heap region 1 cards per card region 4096
 CPUs: 8 total, 8 available
 Memory: 16242M
 Large Page Support: Disabled
 NUMA Support: Disabled
 Compressed Oops: Enabled (Zero based)
 Heap Region Size: 2M
 Heap Min Capacity: 8M
 Heap Initial Capacity: 254M
 Heap Max Capacity: 4062M
 Pre-touch: Disabled
 Parallel Workers: 8
 Concurrent Workers: 2
 Concurrent Refinement Workers: 8
 Periodic GC: Disabled
Heap:
 garbage-first heap   total 75776K, used 34066K [0x0000000702200000, 0x0000000800000000)
  region size 2048K, 2 young (4096K), 2 survivors (4096K)
 Metaspace       used 45925K, committed 46592K, reserved 1114112K
  class space    used 5956K, committed 6272K, reserved 1048576K
GC Heap History (16 events):
Event: 1.763 GC heap before
{Heap before GC invocations=0 (full 0):
 garbage-first heap   total 260096K, used 20480K [0x0000000702200000, 0x0000000800000000)
  region size 2048K, 11 young (22528K), 0 survivors (0K)
 Metaspace       used 3538K, committed 3776K, reserved 1114112K
  class space    used 344K, committed 448K, reserved 1048576K
}
Event: 1.776 GC heap after
{Heap after GC invocations=1 (full 0):
 garbage-first heap   total 260096K, used 8703K [0x0000000702200000, 0x0000000800000000)
  region size 2048K, 2 young (4096K), 2 survivors (4096K)
 Metaspace       used 3538K, committed 3776K, reserved 1114112K
  class space    used 344K, committed 448K, reserved 1048576K
}
Event: 3.168 GC heap before
{Heap before GC invocations=1 (full 0):
 garbage-first heap   total 260096K, used 29183K [0x0000000702200000, 0x0000000800000000)
  region size 2048K, 13 young (26624K), 2 survivors (4096K)
 Metaspace       used 8443K, committed 8704K, reserved 1114112K
  class space    used 908K, committed 1024K, reserved 1048576K
}
Event: 3.198 GC heap after
{Heap after GC invocations=2 (full 0):
 garbage-first heap   total 260096K, used 13650K [0x0000000702200000, 0x0000000800000000)
  region size 2048K, 2 young (4096K), 2 survivors (4096K)
 Metaspace       used 8443K, committed 8704K, reserved 1114112K
  class space    used 908K, committed 1024K, reserved 1048576K
}
Event: 6.759 GC heap before
{Heap before GC invocations=2 (full 0):
 garbage-first heap   total 260096K, used 42322K [0x0000000702200000, 0x0000000800000000)
  region size 2048K, 17 young (34816K), 2 survivors (4096K)
 Metaspace       used 15644K, committed 15872K, reserved 1114112K
  class space    used 1827K, committed 1920K, reserved 1048576K
}
Event: 6.776 GC heap after
{Heap after GC invocations=3 (full 0):
 garbage-first heap   total 260096K, used 16238K [0x0000000702200000, 0x0000000800000000)
  region size 2048K, 2 young (4096K), 2 survivors (4096K)
 Metaspace       used 15644K, committed 15872K, reserved 1114112K
  class space    used 1827K, committed 1920K, reserved 1048576K
}
Event: 9.613 GC heap before
{Heap before GC invocations=3 (full 0):
 garbage-first heap   total 260096K, used 46958K [0x0000000702200000, 0x0000000800000000)
  region size 2048K, 19 young (38912K), 2 survivors (4096K)
 Metaspace       used 21258K, committed 21504K, reserved 1114112K
  class space    used 2504K, committed 2624K, reserved 1048576K
}
Event: 9.633 GC heap after
{Heap after GC invocations=4 (full 0):
 garbage-first heap   total 260096K, used 19130K [0x0000000702200000, 0x0000000800000000)
  region size 2048K, 3 young (6144K), 3 survivors (6144K)
 Metaspace       used 21258K, committed 21504K, reserved 1114112K
  class space    used 2504K, committed 2624K, reserved 1048576K
}
Event: 12.829 GC heap before
{Heap before GC invocations=5 (full 0):
 garbage-first heap   total 75776K, used 58042K [0x0000000702200000, 0x0000000800000000)
  region size 2048K, 22 young (45056K), 3 survivors (6144K)
 Metaspace       used 24672K, committed 25024K, reserved 1114112K
  class space    used 2941K, committed 3072K, reserved 1048576K
}
Event: 12.843 GC heap after
{Heap after GC invocations=6 (full 0):
 garbage-first heap   total 75776K, used 21805K [0x0000000702200000, 0x0000000800000000)
  region size 2048K, 3 young (6144K), 3 survivors (6144K)
 Metaspace       used 24672K, committed 25024K, reserved 1114112K
  class space    used 2941K, committed 3072K, reserved 1048576K
}
Event: 16.682 GC heap before
{Heap before GC invocations=6 (full 0):
 garbage-first heap   total 75776K, used 54573K [0x0000000702200000, 0x0000000800000000)
  region size 2048K, 20 young (40960K), 3 survivors (6144K)
 Metaspace       used 31470K, committed 32000K, reserved 1114112K
  class space    used 3843K, committed 4096K, reserved 1048576K
}
Event: 16.698 GC heap after
{Heap after GC invocations=7 (full 0):
 garbage-first heap   total 75776K, used 22688K [0x0000000702200000, 0x0000000800000000)
  region size 2048K, 3 young (6144K), 3 survivors (6144K)
 Metaspace       used 31470K, committed 32000K, reserved 1114112K
  class space    used 3843K, committed 4096K, reserved 1048576K
}
Event: 20.502 GC heap before
{Heap before GC invocations=7 (full 0):
 garbage-first heap   total 75776K, used 57504K [0x0000000702200000, 0x0000000800000000)
  region size 2048K, 21 young (43008K), 3 survivors (6144K)
 Metaspace       used 35405K, committed 35968K, reserved 1114112K
  class space    used 4398K, committed 4672K, reserved 1048576K
}
Event: 20.540 GC heap after
{Heap after GC invocations=8 (full 0):
 garbage-first heap   total 75776K, used 24887K [0x0000000702200000, 0x0000000800000000)
  region size 2048K, 3 young (6144K), 3 survivors (6144K)
 Metaspace       used 35405K, committed 35968K, reserved 1114112K
  class space    used 4398K, committed 4672K, reserved 1048576K
}
Event: 22.626 GC heap before
{Heap before GC invocations=9 (full 0):
 garbage-first heap   total 75776K, used 61751K [0x0000000702200000, 0x0000000800000000)
  region size 2048K, 21 young (43008K), 3 survivors (6144K)
 Metaspace       used 40155K, committed 40768K, reserved 1114112K
  class space    used 5059K, committed 5376K, reserved 1048576K
}
Event: 22.658 GC heap after
{Heap after GC invocations=10 (full 0):
 garbage-first heap   total 75776K, used 30187K [0x0000000702200000, 0x0000000800000000)
  region size 2048K, 3 young (6144K), 3 survivors (6144K)
 Metaspace       used 40155K, committed 40768K, reserved 1114112K
  class space    used 5059K, committed 5376K, reserved 1048576K
}

