# JRE version: Java(TM) SE Runtime Environment (21.0.6+8) (build 21.0.6+8-LTS-188)
# Java VM: Java HotSpot(TM) 64-Bit Server VM (21.0.6+8-LTS-188, mixed mode, sharing, tiered, compressed oops, compressed class ptrs, g1 gc, windows-amd64)
GC Precious Log:
 CardTable entry size: 512
 Card Set container configuration: InlinePtr #cards 4 size 8 Array Of Cards #cards 16 size 48 Howl #buckets 8 coarsen threshold 3686 Howl Bitmap #cards 512 size 80 coarsen threshold 460 Card regions per heap region 1 cards per card region 4096
 CPUs: 8 total, 8 available
 Memory: 16242M
 Large Page Support: Disabled
 NUMA Support: Disabled
 Compressed Oops: Enabled (Zero based)
 Heap Region Size: 2M
 Heap Min Capacity: 8M
 Heap Initial Capacity: 254M
 Heap Max Capacity: 4062M
 Pre-touch: Disabled
 Parallel Workers: 8
 Concurrent Workers: 2
 Concurrent Refinement Workers: 8
 Periodic GC: Disabled
Heap:
 garbage-first heap   total 86016K, used 63778K [0x00000004d6c00000, 0x00000005d4a00000)
  region size 2048K, 11 young (22528K), 2 survivors (4096K)
 Metaspace       used 86007K, committed 86848K, reserved 1179648K
  class space    used 11568K, committed 11968K, reserved 1048576K
GC Heap History (20 events):
Event: 22.629 GC heap before
{Heap before GC invocations=11 (full 0):
 garbage-first heap   total 75776K, used 63787K [0x00000004d6c00000, 0x00000005d4a00000)
  region size 2048K, 17 young (34816K), 2 survivors (4096K)
 Metaspace       used 54118K, committed 54656K, reserved 1114112K
  class space    used 6941K, committed 7168K, reserved 1048576K
}
Event: 22.641 GC heap after
{Heap after GC invocations=12 (full 0):
 garbage-first heap   total 75776K, used 35242K [0x00000004d6c00000, 0x00000005d4a00000)
  region size 2048K, 3 young (6144K), 3 survivors (6144K)
 Metaspace       used 54118K, committed 54656K, reserved 1114112K
  class space    used 6941K, committed 7168K, reserved 1048576K
}
Event: 23.949 GC heap before
{Heap before GC invocations=12 (full 0):
 garbage-first heap   total 75776K, used 51626K [0x00000004d6c00000, 0x00000005d4a00000)
  region size 2048K, 12 young (24576K), 3 survivors (6144K)
 Metaspace       used 59717K, committed 60288K, reserved 1114112K
  class space    used 7898K, committed 8128K, reserved 1048576K
}
Event: 23.955 GC heap after
{Heap after GC invocations=13 (full 0):
 garbage-first heap   total 75776K, used 36547K [0x00000004d6c00000, 0x00000005d4a00000)
  region size 2048K, 1 young (2048K), 1 survivors (2048K)
 Metaspace       used 59717K, committed 60288K, reserved 1114112K
  class space    used 7898K, committed 8128K, reserved 1048576K
}
Event: 26.024 GC heap before
{Heap before GC invocations=14 (full 0):
 garbage-first heap   total 75776K, used 65219K [0x00000004d6c00000, 0x00000005d4a00000)
  region size 2048K, 15 young (30720K), 1 survivors (2048K)
 Metaspace       used 66592K, committed 67200K, reserved 1114112K
  class space    used 8877K, committed 9152K, reserved 1048576K
}
Event: 26.031 GC heap after
{Heap after GC invocations=15 (full 0):
 garbage-first heap   total 75776K, used 38396K [0x00000004d6c00000, 0x00000005d4a00000)
  region size 2048K, 2 young (4096K), 2 survivors (4096K)
 Metaspace       used 66592K, committed 67200K, reserved 1114112K
  class space    used 8877K, committed 9152K, reserved 1048576K
}
Event: 28.570 GC heap before
{Heap before GC invocations=15 (full 0):
 garbage-first heap   total 75776K, used 62972K [0x00000004d6c00000, 0x00000005d4a00000)
  region size 2048K, 14 young (28672K), 2 survivors (4096K)
 Metaspace       used 69183K, committed 69824K, reserved 1114112K
  class space    used 9237K, committed 9536K, reserved 1048576K
}
Event: 28.582 GC heap after
{Heap after GC invocations=16 (full 0):
 garbage-first heap   total 75776K, used 40779K [0x00000004d6c00000, 0x00000005d4a00000)
  region size 2048K, 2 young (4096K), 2 survivors (4096K)
 Metaspace       used 69183K, committed 69824K, reserved 1114112K
  class space    used 9237K, committed 9536K, reserved 1048576K
}
Event: 30.173 GC heap before
{Heap before GC invocations=16 (full 0):
 garbage-first heap   total 75776K, used 63307K [0x00000004d6c00000, 0x00000005d4a00000)
  region size 2048K, 13 young (26624K), 2 survivors (4096K)
 Metaspace       used 72492K, committed 73152K, reserved 1114112K
  class space    used 9706K, committed 9984K, reserved 1048576K
}
Event: 30.182 GC heap after
{Heap after GC invocations=17 (full 0):
 garbage-first heap   total 75776K, used 42985K [0x00000004d6c00000, 0x00000005d4a00000)
  region size 2048K, 2 young (4096K), 2 survivors (4096K)
 Metaspace       used 72492K, committed 73152K, reserved 1114112K
  class space    used 9706K, committed 9984K, reserved 1048576K
}
Event: 32.371 GC heap before
{Heap before GC invocations=18 (full 0):
 garbage-first heap   total 79872K, used 61417K [0x00000004d6c00000, 0x00000005d4a00000)
  region size 2048K, 12 young (24576K), 2 survivors (4096K)
 Metaspace       used 74567K, committed 75264K, reserved 1114112K
  class space    used 10015K, committed 10304K, reserved 1048576K
}
Event: 32.383 GC heap after
{Heap after GC invocations=19 (full 0):
 garbage-first heap   total 79872K, used 45769K [0x00000004d6c00000, 0x00000005d4a00000)
  region size 2048K, 2 young (4096K), 2 survivors (4096K)
 Metaspace       used 74567K, committed 75264K, reserved 1114112K
  class space    used 10015K, committed 10304K, reserved 1048576K
}
Event: 63.555 GC heap before
{Heap before GC invocations=19 (full 0):
 garbage-first heap   total 79872K, used 68297K [0x00000004d6c00000, 0x00000005d4a00000)
  region size 2048K, 13 young (26624K), 2 survivors (4096K)
 Metaspace       used 79218K, committed 80000K, reserved 1179648K
  class space    used 10656K, committed 11008K, reserved 1048576K
}
Event: 63.566 GC heap after
{Heap after GC invocations=20 (full 0):
 garbage-first heap   total 79872K, used 46032K [0x00000004d6c00000, 0x00000005d4a00000)
  region size 2048K, 1 young (2048K), 1 survivors (2048K)
 Metaspace       used 79218K, committed 80000K, reserved 1179648K
  class space    used 10656K, committed 11008K, reserved 1048576K
}
Event: 396.285 GC heap before
{Heap before GC invocations=20 (full 0):
 garbage-first heap   total 79872K, used 68560K [0x00000004d6c00000, 0x00000005d4a00000)
  region size 2048K, 13 young (26624K), 1 survivors (2048K)
 Metaspace       used 82088K, committed 82944K, reserved 1179648K
  class space    used 11056K, committed 11456K, reserved 1048576K
}
Event: 396.293 GC heap after
{Heap after GC invocations=21 (full 0):
 garbage-first heap   total 79872K, used 46953K [0x00000004d6c00000, 0x00000005d4a00000)
  region size 2048K, 2 young (4096K), 2 survivors (4096K)
 Metaspace       used 82088K, committed 82944K, reserved 1179648K
  class space    used 11056K, committed 11456K, reserved 1048576K
}
Event: 490.708 GC heap before
{Heap before GC invocations=22 (full 0):
 garbage-first heap   total 86016K, used 65385K [0x00000004d6c00000, 0x00000005d4a00000)
  region size 2048K, 12 young (24576K), 2 survivors (4096K)
 Metaspace       used 85750K, committed 86656K, reserved 1179648K
  class space    used 11568K, committed 11968K, reserved 1048576K
}
Event: 490.717 GC heap after
{Heap after GC invocations=23 (full 0):
 garbage-first heap   total 86016K, used 48184K [0x00000004d6c00000, 0x00000005d4a00000)
  region size 2048K, 2 young (4096K), 2 survivors (4096K)
 Metaspace       used 85750K, committed 86656K, reserved 1179648K
  class space    used 11568K, committed 11968K, reserved 1048576K
}
Event: 1054.497 GC heap before
{Heap before GC invocations=23 (full 0):
 garbage-first heap   total 86016K, used 72760K [0x00000004d6c00000, 0x00000005d4a00000)
  region size 2048K, 14 young (28672K), 2 survivors (4096K)
 Metaspace       used 85914K, committed 86720K, reserved 1179648K
  class space    used 11568K, committed 11968K, reserved 1048576K
}
Event: 1054.517 GC heap after
{Heap after GC invocations=24 (full 0):
 garbage-first heap   total 86016K, used 47394K [0x00000004d6c00000, 0x00000005d4a00000)
  region size 2048K, 2 young (4096K), 2 survivors (4096K)
 Metaspace       used 85914K, committed 86720K, reserved 1179648K
  class space    used 11568K, committed 11968K, reserved 1048576K
}

