# JRE version: Java(TM) SE Runtime Environment (21.0.6+8) (build 21.0.6+8-LTS-188)
# Java VM: Java HotSpot(TM) 64-Bit Server VM (21.0.6+8-LTS-188, mixed mode, sharing, tiered, compressed oops, compressed class ptrs, g1 gc, windows-amd64)
GC Precious Log:
 CardTable entry size: 512
 Card Set container configuration: InlinePtr #cards 4 size 8 Array Of Cards #cards 16 size 48 Howl #buckets 8 coarsen threshold 3686 Howl Bitmap #cards 512 size 80 coarsen threshold 460 Card regions per heap region 1 cards per card region 4096
 CPUs: 8 total, 8 available
 Memory: 16242M
 Large Page Support: Disabled
 NUMA Support: Disabled
 Compressed Oops: Enabled (Zero based)
 Heap Region Size: 2M
 Heap Min Capacity: 8M
 Heap Initial Capacity: 254M
 Heap Max Capacity: 4062M
 Pre-touch: Disabled
 Parallel Workers: 8
 Concurrent Workers: 2
 Concurrent Refinement Workers: 8
 Periodic GC: Disabled
Heap:
 garbage-first heap   total 92160K, used 50076K [0x0000000702200000, 0x0000000800000000)
  region size 2048K, 9 young (18432K), 2 survivors (4096K)
 Metaspace       used 63011K, committed 63744K, reserved 1114112K
  class space    used 7967K, committed 8320K, reserved 1048576K
GC Heap History (20 events):
Event: 8.140 GC heap before
{Heap before GC invocations=6 (full 0):
 garbage-first heap   total 75776K, used 56119K [0x0000000702200000, 0x0000000800000000)
  region size 2048K, 20 young (40960K), 3 survivors (6144K)
 Metaspace       used 31303K, committed 31808K, reserved 1114112K
  class space    used 3830K, committed 4096K, reserved 1048576K
}
Event: 8.159 GC heap after
{Heap after GC invocations=7 (full 0):
 garbage-first heap   total 75776K, used 24102K [0x0000000702200000, 0x0000000800000000)
  region size 2048K, 3 young (6144K), 3 survivors (6144K)
 Metaspace       used 31303K, committed 31808K, reserved 1114112K
  class space    used 3830K, committed 4096K, reserved 1048576K
}
Event: 9.416 GC heap before
{Heap before GC invocations=7 (full 0):
 garbage-first heap   total 75776K, used 60966K [0x0000000702200000, 0x0000000800000000)
  region size 2048K, 21 young (43008K), 3 survivors (6144K)
 Metaspace       used 35356K, committed 35968K, reserved 1114112K
  class space    used 4389K, committed 4672K, reserved 1048576K
}
Event: 9.432 GC heap after
{Heap after GC invocations=8 (full 0):
 garbage-first heap   total 75776K, used 25922K [0x0000000702200000, 0x0000000800000000)
  region size 2048K, 3 young (6144K), 3 survivors (6144K)
 Metaspace       used 35356K, committed 35968K, reserved 1114112K
  class space    used 4389K, committed 4672K, reserved 1048576K
}
Event: 9.440 GC heap before
{Heap before GC invocations=8 (full 0):
 garbage-first heap   total 75776K, used 25922K [0x0000000702200000, 0x0000000800000000)
  region size 2048K, 4 young (8192K), 3 survivors (6144K)
 Metaspace       used 35420K, committed 35968K, reserved 1114112K
  class space    used 4397K, committed 4672K, reserved 1048576K
}
Event: 9.452 GC heap after
{Heap after GC invocations=9 (full 0):
 garbage-first heap   total 75776K, used 26672K [0x0000000702200000, 0x0000000800000000)
  region size 2048K, 2 young (4096K), 2 survivors (4096K)
 Metaspace       used 35420K, committed 35968K, reserved 1114112K
  class space    used 4397K, committed 4672K, reserved 1048576K
}
Event: 10.438 GC heap before
{Heap before GC invocations=10 (full 0):
 garbage-first heap   total 75776K, used 63536K [0x0000000702200000, 0x0000000800000000)
  region size 2048K, 20 young (40960K), 2 survivors (4096K)
 Metaspace       used 40137K, committed 40768K, reserved 1114112K
  class space    used 5062K, committed 5376K, reserved 1048576K
}
Event: 10.460 GC heap after
{Heap after GC invocations=11 (full 0):
 garbage-first heap   total 75776K, used 31859K [0x0000000702200000, 0x0000000800000000)
  region size 2048K, 3 young (6144K), 3 survivors (6144K)
 Metaspace       used 40137K, committed 40768K, reserved 1114112K
  class space    used 5062K, committed 5376K, reserved 1048576K
}
Event: 12.629 GC heap before
{Heap before GC invocations=11 (full 0):
 garbage-first heap   total 75776K, used 62579K [0x0000000702200000, 0x0000000800000000)
  region size 2048K, 18 young (36864K), 3 survivors (6144K)
 Metaspace       used 45873K, committed 46528K, reserved 1114112K
  class space    used 5956K, committed 6272K, reserved 1048576K
}
Event: 12.636 GC heap after
{Heap after GC invocations=12 (full 0):
 garbage-first heap   total 92160K, used 34610K [0x0000000702200000, 0x0000000800000000)
  region size 2048K, 2 young (4096K), 2 survivors (4096K)
 Metaspace       used 45873K, committed 46528K, reserved 1114112K
  class space    used 5956K, committed 6272K, reserved 1048576K
}
Event: 15.942 GC heap before
{Heap before GC invocations=12 (full 0):
 garbage-first heap   total 92160K, used 77618K [0x0000000702200000, 0x0000000800000000)
  region size 2048K, 23 young (47104K), 2 survivors (4096K)
 Metaspace       used 53846K, committed 54656K, reserved 1114112K
  class space    used 7021K, committed 7424K, reserved 1048576K
}
Event: 15.950 GC heap after
{Heap after GC invocations=13 (full 0):
 garbage-first heap   total 92160K, used 37973K [0x0000000702200000, 0x0000000800000000)
  region size 2048K, 2 young (4096K), 2 survivors (4096K)
 Metaspace       used 53846K, committed 54656K, reserved 1114112K
  class space    used 7021K, committed 7424K, reserved 1048576K
}
Event: 73.329 GC heap before
{Heap before GC invocations=13 (full 0):
 garbage-first heap   total 92160K, used 56405K [0x0000000702200000, 0x0000000800000000)
  region size 2048K, 13 young (26624K), 2 survivors (4096K)
 Metaspace       used 59400K, committed 60160K, reserved 1114112K
  class space    used 7817K, committed 8128K, reserved 1048576K
}
Event: 73.334 GC heap after
{Heap after GC invocations=14 (full 0):
 garbage-first heap   total 92160K, used 39879K [0x0000000702200000, 0x0000000800000000)
  region size 2048K, 1 young (2048K), 1 survivors (2048K)
 Metaspace       used 59400K, committed 60160K, reserved 1114112K
  class space    used 7817K, committed 8128K, reserved 1048576K
}
Event: 1335.976 GC heap before
{Heap before GC invocations=15 (full 0):
 garbage-first heap   total 92160K, used 76743K [0x0000000702200000, 0x0000000800000000)
  region size 2048K, 20 young (40960K), 1 survivors (2048K)
 Metaspace       used 61436K, committed 62272K, reserved 1114112K
  class space    used 7929K, committed 8320K, reserved 1048576K
}
Event: 1335.979 GC heap after
{Heap after GC invocations=16 (full 0):
 garbage-first heap   total 92160K, used 40176K [0x0000000702200000, 0x0000000800000000)
  region size 2048K, 2 young (4096K), 2 survivors (4096K)
 Metaspace       used 61436K, committed 62272K, reserved 1114112K
  class space    used 7929K, committed 8320K, reserved 1048576K
}
Event: 2777.083 GC heap before
{Heap before GC invocations=16 (full 0):
 garbage-first heap   total 92160K, used 79088K [0x0000000702200000, 0x0000000800000000)
  region size 2048K, 21 young (43008K), 2 survivors (4096K)
 Metaspace       used 62040K, committed 62848K, reserved 1114112K
  class space    used 7933K, committed 8320K, reserved 1048576K
}
Event: 2777.089 GC heap after
{Heap after GC invocations=17 (full 0):
 garbage-first heap   total 92160K, used 39617K [0x0000000702200000, 0x0000000800000000)
  region size 2048K, 2 young (4096K), 2 survivors (4096K)
 Metaspace       used 62040K, committed 62848K, reserved 1114112K
  class space    used 7933K, committed 8320K, reserved 1048576K
}
Event: 4248.549 GC heap before
{Heap before GC invocations=17 (full 0):
 garbage-first heap   total 92160K, used 78529K [0x0000000702200000, 0x0000000800000000)
  region size 2048K, 21 young (43008K), 2 survivors (4096K)
 Metaspace       used 62815K, committed 63616K, reserved 1114112K
  class space    used 7935K, committed 8320K, reserved 1048576K
}
Event: 4248.552 GC heap after
{Heap after GC invocations=18 (full 0):
 garbage-first heap   total 92160K, used 39836K [0x0000000702200000, 0x0000000800000000)
  region size 2048K, 2 young (4096K), 2 survivors (4096K)
 Metaspace       used 62815K, committed 63616K, reserved 1114112K
  class space    used 7935K, committed 8320K, reserved 1048576K
}

