# JRE version: Java(TM) SE Runtime Environment (21.0.6+8) (build 21.0.6+8-LTS-188)
# Java VM: Java HotSpot(TM) 64-Bit Server VM (21.0.6+8-LTS-188, mixed mode, sharing, tiered, compressed oops, compressed class ptrs, g1 gc, windows-amd64)
GC Precious Log:
 CardTable entry size: 512
 Card Set container configuration: InlinePtr #cards 4 size 8 Array Of Cards #cards 16 size 48 Howl #buckets 8 coarsen threshold 3686 Howl Bitmap #cards 512 size 80 coarsen threshold 460 Card regions per heap region 1 cards per card region 4096
 CPUs: 8 total, 8 available
 Memory: 16242M
 Large Page Support: Disabled
 NUMA Support: Disabled
 Compressed Oops: Enabled (Zero based)
 Heap Region Size: 2M
 Heap Min Capacity: 8M
 Heap Initial Capacity: 254M
 Heap Max Capacity: 4062M
 Pre-touch: Disabled
 Parallel Workers: 8
 Concurrent Workers: 2
 Concurrent Refinement Workers: 8
 Periodic GC: Disabled
Heap:
 garbage-first heap   total 92160K, used 68683K [0x0000000702200000, 0x0000000800000000)
  region size 2048K, 20 young (40960K), 2 survivors (4096K)
 Metaspace       used 63031K, committed 64000K, reserved 1114112K
  class space    used 7842K, committed 8320K, reserved 1048576K
GC Heap History (20 events):
Event: 10.355 GC heap before
{Heap before GC invocations=10 (full 0):
 garbage-first heap   total 75776K, used 63284K [0x0000000702200000, 0x0000000800000000)
  region size 2048K, 20 young (40960K), 2 survivors (4096K)
 Metaspace       used 40183K, committed 40832K, reserved 1114112K
  class space    used 5066K, committed 5376K, reserved 1048576K
}
Event: 10.376 GC heap after
{Heap after GC invocations=11 (full 0):
 garbage-first heap   total 75776K, used 31293K [0x0000000702200000, 0x0000000800000000)
  region size 2048K, 3 young (6144K), 3 survivors (6144K)
 Metaspace       used 40183K, committed 40832K, reserved 1114112K
  class space    used 5066K, committed 5376K, reserved 1048576K
}
Event: 13.289 GC heap before
{Heap before GC invocations=11 (full 0):
 garbage-first heap   total 75776K, used 62013K [0x0000000702200000, 0x0000000800000000)
  region size 2048K, 18 young (36864K), 3 survivors (6144K)
 Metaspace       used 45917K, committed 46592K, reserved 1114112K
  class space    used 5959K, committed 6272K, reserved 1048576K
}
Event: 13.300 GC heap after
{Heap after GC invocations=12 (full 0):
 garbage-first heap   total 92160K, used 35101K [0x0000000702200000, 0x0000000800000000)
  region size 2048K, 2 young (4096K), 2 survivors (4096K)
 Metaspace       used 45917K, committed 46592K, reserved 1114112K
  class space    used 5959K, committed 6272K, reserved 1048576K
}
Event: 17.589 GC heap before
{Heap before GC invocations=12 (full 0):
 garbage-first heap   total 92160K, used 78109K [0x0000000702200000, 0x0000000800000000)
  region size 2048K, 23 young (47104K), 2 survivors (4096K)
 Metaspace       used 53892K, committed 54656K, reserved 1114112K
  class space    used 7025K, committed 7360K, reserved 1048576K
}
Event: 17.597 GC heap after
{Heap after GC invocations=13 (full 0):
 garbage-first heap   total 92160K, used 39150K [0x0000000702200000, 0x0000000800000000)
  region size 2048K, 3 young (6144K), 3 survivors (6144K)
 Metaspace       used 53892K, committed 54656K, reserved 1114112K
  class space    used 7025K, committed 7360K, reserved 1048576K
}
Event: 22.250 GC heap before
{Heap before GC invocations=13 (full 0):
 garbage-first heap   total 92160K, used 59630K [0x0000000702200000, 0x0000000800000000)
  region size 2048K, 14 young (28672K), 3 survivors (6144K)
 Metaspace       used 59443K, committed 60160K, reserved 1114112K
  class space    used 7788K, committed 8128K, reserved 1048576K
}
Event: 22.256 GC heap after
{Heap after GC invocations=14 (full 0):
 garbage-first heap   total 92160K, used 41022K [0x0000000702200000, 0x0000000800000000)
  region size 2048K, 2 young (4096K), 2 survivors (4096K)
 Metaspace       used 59443K, committed 60160K, reserved 1114112K
  class space    used 7788K, committed 8128K, reserved 1048576K
}
Event: 1187.272 GC heap before
{Heap before GC invocations=15 (full 0):
 garbage-first heap   total 92160K, used 77886K [0x0000000702200000, 0x0000000800000000)
  region size 2048K, 20 young (40960K), 2 survivors (4096K)
 Metaspace       used 61479K, committed 62272K, reserved 1114112K
  class space    used 7939K, committed 8320K, reserved 1048576K
}
Event: 1187.279 GC heap after
{Heap after GC invocations=16 (full 0):
 garbage-first heap   total 92160K, used 41250K [0x0000000702200000, 0x0000000800000000)
  region size 2048K, 2 young (4096K), 2 survivors (4096K)
 Metaspace       used 61479K, committed 62272K, reserved 1114112K
  class space    used 7939K, committed 8320K, reserved 1048576K
}
Event: 3237.295 GC heap before
{Heap before GC invocations=16 (full 0):
 garbage-first heap   total 92160K, used 80162K [0x0000000702200000, 0x0000000800000000)
  region size 2048K, 21 young (43008K), 2 survivors (4096K)
 Metaspace       used 62156K, committed 62976K, reserved 1114112K
  class space    used 7944K, committed 8320K, reserved 1048576K
}
Event: 3237.306 GC heap after
{Heap after GC invocations=17 (full 0):
 garbage-first heap   total 92160K, used 40788K [0x0000000702200000, 0x0000000800000000)
  region size 2048K, 2 young (4096K), 2 survivors (4096K)
 Metaspace       used 62156K, committed 62976K, reserved 1114112K
  class space    used 7944K, committed 8320K, reserved 1048576K
}
Event: 4710.483 GC heap before
{Heap before GC invocations=17 (full 0):
 garbage-first heap   total 92160K, used 77652K [0x0000000702200000, 0x0000000800000000)
  region size 2048K, 21 young (43008K), 2 survivors (4096K)
 Metaspace       used 62973K, committed 63808K, reserved 1114112K
  class space    used 7945K, committed 8320K, reserved 1048576K
}
Event: 4710.487 GC heap after
{Heap after GC invocations=18 (full 0):
 garbage-first heap   total 92160K, used 40685K [0x0000000702200000, 0x0000000800000000)
  region size 2048K, 2 young (4096K), 2 survivors (4096K)
 Metaspace       used 62973K, committed 63808K, reserved 1114112K
  class space    used 7945K, committed 8320K, reserved 1048576K
}
Event: 6212.332 GC heap before
{Heap before GC invocations=18 (full 0):
 garbage-first heap   total 92160K, used 77549K [0x0000000702200000, 0x0000000800000000)
  region size 2048K, 21 young (43008K), 2 survivors (4096K)
 Metaspace       used 63141K, committed 63936K, reserved 1114112K
  class space    used 7949K, committed 8320K, reserved 1048576K
}
Event: 6212.337 GC heap after
{Heap after GC invocations=19 (full 0):
 garbage-first heap   total 92160K, used 40336K [0x0000000702200000, 0x0000000800000000)
  region size 2048K, 2 young (4096K), 2 survivors (4096K)
 Metaspace       used 63141K, committed 63936K, reserved 1114112K
  class space    used 7949K, committed 8320K, reserved 1048576K
}
Event: 7712.884 GC heap before
{Heap before GC invocations=20 (full 0):
 garbage-first heap   total 92160K, used 77200K [0x0000000702200000, 0x0000000800000000)
  region size 2048K, 21 young (43008K), 2 survivors (4096K)
 Metaspace       used 62851K, committed 63936K, reserved 1114112K
  class space    used 7842K, committed 8320K, reserved 1048576K
}
Event: 7712.897 GC heap after
{Heap after GC invocations=21 (full 0):
 garbage-first heap   total 92160K, used 40411K [0x0000000702200000, 0x0000000800000000)
  region size 2048K, 2 young (4096K), 2 survivors (4096K)
 Metaspace       used 62851K, committed 63936K, reserved 1114112K
  class space    used 7842K, committed 8320K, reserved 1048576K
}
Event: 9219.101 GC heap before
{Heap before GC invocations=21 (full 0):
 garbage-first heap   total 92160K, used 77275K [0x0000000702200000, 0x0000000800000000)
  region size 2048K, 21 young (43008K), 2 survivors (4096K)
 Metaspace       used 62998K, committed 64000K, reserved 1114112K
  class space    used 7842K, committed 8320K, reserved 1048576K
}
Event: 9219.129 GC heap after
{Heap after GC invocations=22 (full 0):
 garbage-first heap   total 92160K, used 35915K [0x0000000702200000, 0x0000000800000000)
  region size 2048K, 2 young (4096K), 2 survivors (4096K)
 Metaspace       used 62998K, committed 64000K, reserved 1114112K
  class space    used 7842K, committed 8320K, reserved 1048576K
}

