# JRE version: Java(TM) SE Runtime Environment (21.0.6+8) (build 21.0.6+8-LTS-188)
# Java VM: Java HotSpot(TM) 64-Bit Server VM (21.0.6+8-LTS-188, mixed mode, sharing, tiered, compressed oops, compressed class ptrs, g1 gc, windows-amd64)
GC Precious Log:
 CardTable entry size: 512
 Card Set container configuration: InlinePtr #cards 4 size 8 Array Of Cards #cards 16 size 48 Howl #buckets 8 coarsen threshold 3686 Howl Bitmap #cards 512 size 80 coarsen threshold 460 Card regions per heap region 1 cards per card region 4096
 CPUs: 8 total, 8 available
 Memory: 16242M
 Large Page Support: Disabled
 NUMA Support: Disabled
 Compressed Oops: Enabled (Zero based)
 Heap Region Size: 2M
 Heap Min Capacity: 8M
 Heap Initial Capacity: 254M
 Heap Max Capacity: 4062M
 Pre-touch: Disabled
 Parallel Workers: 8
 Concurrent Workers: 2
 Concurrent Refinement Workers: 8
 Periodic GC: Disabled
Heap:
 garbage-first heap   total 92160K, used 50134K [0x0000000702200000, 0x0000000800000000)
  region size 2048K, 7 young (14336K), 2 survivors (4096K)
 Metaspace       used 88327K, committed 89216K, reserved 1179648K
  class space    used 11585K, committed 12032K, reserved 1048576K
GC Heap History (20 events):
Event: 3319.132 GC heap after
{Heap after GC invocations=29 (full 0):
 garbage-first heap   total 92160K, used 48960K [0x0000000702200000, 0x0000000800000000)
  region size 2048K, 2 young (4096K), 2 survivors (4096K)
 Metaspace       used 87206K, committed 88000K, reserved 1179648K
  class space    used 11658K, committed 12032K, reserved 1048576K
}
Event: 3942.115 GC heap before
{Heap before GC invocations=29 (full 0):
 garbage-first heap   total 92160K, used 79680K [0x0000000702200000, 0x0000000800000000)
  region size 2048K, 17 young (34816K), 2 survivors (4096K)
 Metaspace       used 87412K, committed 88256K, reserved 1179648K
  class space    used 11658K, committed 12032K, reserved 1048576K
}
Event: 3942.120 GC heap after
{Heap after GC invocations=30 (full 0):
 garbage-first heap   total 92160K, used 49306K [0x0000000702200000, 0x0000000800000000)
  region size 2048K, 2 young (4096K), 2 survivors (4096K)
 Metaspace       used 87412K, committed 88256K, reserved 1179648K
  class space    used 11658K, committed 12032K, reserved 1048576K
}
Event: 4665.109 GC heap before
{Heap before GC invocations=31 (full 0):
 garbage-first heap   total 92160K, used 80026K [0x0000000702200000, 0x0000000800000000)
  region size 2048K, 17 young (34816K), 2 survivors (4096K)
 Metaspace       used 87686K, committed 88512K, reserved 1179648K
  class space    used 11660K, committed 12032K, reserved 1048576K
}
Event: 4665.118 GC heap after
{Heap after GC invocations=32 (full 0):
 garbage-first heap   total 92160K, used 49060K [0x0000000702200000, 0x0000000800000000)
  region size 2048K, 2 young (4096K), 2 survivors (4096K)
 Metaspace       used 87686K, committed 88512K, reserved 1179648K
  class space    used 11660K, committed 12032K, reserved 1048576K
}
Event: 5350.468 GC heap before
{Heap before GC invocations=32 (full 0):
 garbage-first heap   total 92160K, used 79780K [0x0000000702200000, 0x0000000800000000)
  region size 2048K, 17 young (34816K), 2 survivors (4096K)
 Metaspace       used 87772K, committed 88640K, reserved 1179648K
  class space    used 11660K, committed 12032K, reserved 1048576K
}
Event: 5350.479 GC heap after
{Heap after GC invocations=33 (full 0):
 garbage-first heap   total 92160K, used 48706K [0x0000000702200000, 0x0000000800000000)
  region size 2048K, 2 young (4096K), 2 survivors (4096K)
 Metaspace       used 87772K, committed 88640K, reserved 1179648K
  class space    used 11660K, committed 12032K, reserved 1048576K
}
Event: 5972.530 GC heap before
{Heap before GC invocations=33 (full 0):
 garbage-first heap   total 92160K, used 79426K [0x0000000702200000, 0x0000000800000000)
  region size 2048K, 17 young (34816K), 2 survivors (4096K)
 Metaspace       used 87934K, committed 88768K, reserved 1179648K
  class space    used 11661K, committed 12032K, reserved 1048576K
}
Event: 5972.539 GC heap after
{Heap after GC invocations=34 (full 0):
 garbage-first heap   total 92160K, used 48672K [0x0000000702200000, 0x0000000800000000)
  region size 2048K, 2 young (4096K), 2 survivors (4096K)
 Metaspace       used 87934K, committed 88768K, reserved 1179648K
  class space    used 11661K, committed 12032K, reserved 1048576K
}
Event: 6648.202 GC heap before
{Heap before GC invocations=35 (full 0):
 garbage-first heap   total 92160K, used 79392K [0x0000000702200000, 0x0000000800000000)
  region size 2048K, 17 young (34816K), 2 survivors (4096K)
 Metaspace       used 87797K, committed 88896K, reserved 1179648K
  class space    used 11550K, committed 12032K, reserved 1048576K
}
Event: 6648.210 GC heap after
{Heap after GC invocations=36 (full 0):
 garbage-first heap   total 92160K, used 48486K [0x0000000702200000, 0x0000000800000000)
  region size 2048K, 2 young (4096K), 2 survivors (4096K)
 Metaspace       used 87797K, committed 88896K, reserved 1179648K
  class space    used 11550K, committed 12032K, reserved 1048576K
}
Event: 7278.625 GC heap before
{Heap before GC invocations=36 (full 0):
 garbage-first heap   total 92160K, used 79206K [0x0000000702200000, 0x0000000800000000)
  region size 2048K, 17 young (34816K), 2 survivors (4096K)
 Metaspace       used 87884K, committed 88960K, reserved 1179648K
  class space    used 11550K, committed 12032K, reserved 1048576K
}
Event: 7278.641 GC heap after
{Heap after GC invocations=37 (full 0):
 garbage-first heap   total 92160K, used 44309K [0x0000000702200000, 0x0000000800000000)
  region size 2048K, 2 young (4096K), 2 survivors (4096K)
 Metaspace       used 87884K, committed 88960K, reserved 1179648K
  class space    used 11550K, committed 12032K, reserved 1048576K
}
Event: 8111.937 GC heap before
{Heap before GC invocations=37 (full 0):
 garbage-first heap   total 92160K, used 79125K [0x0000000702200000, 0x0000000800000000)
  region size 2048K, 19 young (38912K), 2 survivors (4096K)
 Metaspace       used 87929K, committed 88960K, reserved 1179648K
  class space    used 11550K, committed 12032K, reserved 1048576K
}
Event: 8111.954 GC heap after
{Heap after GC invocations=38 (full 0):
 garbage-first heap   total 92160K, used 41892K [0x0000000702200000, 0x0000000800000000)
  region size 2048K, 2 young (4096K), 2 survivors (4096K)
 Metaspace       used 87929K, committed 88960K, reserved 1179648K
  class space    used 11550K, committed 12032K, reserved 1048576K
}
Event: 8917.861 GC heap before
{Heap before GC invocations=38 (full 0):
 garbage-first heap   total 92160K, used 78756K [0x0000000702200000, 0x0000000800000000)
  region size 2048K, 20 young (40960K), 2 survivors (4096K)
 Metaspace       used 88158K, committed 89088K, reserved 1179648K
  class space    used 11551K, committed 12032K, reserved 1048576K
}
Event: 8917.867 GC heap after
{Heap after GC invocations=39 (full 0):
 garbage-first heap   total 92160K, used 41999K [0x0000000702200000, 0x0000000800000000)
  region size 2048K, 2 young (4096K), 2 survivors (4096K)
 Metaspace       used 88158K, committed 89088K, reserved 1179648K
  class space    used 11551K, committed 12032K, reserved 1048576K
}
Event: 9760.574 GC heap before
{Heap before GC invocations=40 (full 0):
 garbage-first heap   total 92160K, used 78863K [0x0000000702200000, 0x0000000800000000)
  region size 2048K, 20 young (40960K), 2 survivors (4096K)
 Metaspace       used 88170K, committed 89152K, reserved 1179648K
  class space    used 11546K, committed 12032K, reserved 1048576K
}
Event: 9760.585 GC heap after
{Heap after GC invocations=41 (full 0):
 garbage-first heap   total 92160K, used 41942K [0x0000000702200000, 0x0000000800000000)
  region size 2048K, 2 young (4096K), 2 survivors (4096K)
 Metaspace       used 88170K, committed 89152K, reserved 1179648K
  class space    used 11546K, committed 12032K, reserved 1048576K
}
Event: 9906.045 GC heap before
{Heap before GC invocations=41 (full 0):
 garbage-first heap   total 92160K, used 50134K [0x0000000702200000, 0x0000000800000000)
  region size 2048K, 7 young (14336K), 2 survivors (4096K)
 Metaspace       used 88327K, committed 89216K, reserved 1179648K
  class space    used 11585K, committed 12032K, reserved 1048576K
}

